  stdafx.cpp
  ConsoleApplication2.cpp
c:\users\kowalski\documents\visual studio 2015\projects\consoleapplication2\consoleapplication2\undirectedgraph.h(19): warning C4018: '<': signed/unsigned mismatch
c:\users\kowalski\documents\visual studio 2015\projects\consoleapplication2\consoleapplication2\board.h(49): warning C4305: 'argument': truncation from 'double' to 'float'
c:\users\kowalski\documents\visual studio 2015\projects\consoleapplication2\consoleapplication2\board.h(51): warning C4244: 'argument': conversion from 'int' to 'float', possible loss of data
c:\users\kowalski\documents\visual studio 2015\projects\consoleapplication2\consoleapplication2\board.h(60): warning C4305: 'argument': truncation from 'double' to 'float'
c:\users\kowalski\documents\visual studio 2015\projects\consoleapplication2\consoleapplication2\board.h(62): warning C4244: 'argument': conversion from 'int' to 'float', possible loss of data
c:\users\kowalski\documents\visual studio 2015\projects\consoleapplication2\consoleapplication2\board.h(77): warning C4244: 'argument': conversion from 'int' to 'float', possible loss of data
c:\users\kowalski\documents\visual studio 2015\projects\consoleapplication2\consoleapplication2\board.h(91): warning C4018: '<': signed/unsigned mismatch
c:\users\kowalski\documents\visual studio 2015\projects\consoleapplication2\consoleapplication2\board.h(101): warning C4018: '<': signed/unsigned mismatch
c:\users\kowalski\documents\visual studio 2015\projects\consoleapplication2\consoleapplication2\board.h(115): warning C4244: 'argument': conversion from 'int' to 'float', possible loss of data
c:\users\kowalski\documents\visual studio 2015\projects\consoleapplication2\consoleapplication2\board.h(144): warning C4018: '<': signed/unsigned mismatch
c:\users\kowalski\documents\visual studio 2015\projects\consoleapplication2\consoleapplication2\button.h(35): warning C4244: 'argument': conversion from 'unsigned int' to 'float', possible loss of data
c:\users\kowalski\documents\visual studio 2015\projects\consoleapplication2\consoleapplication2\button.h(42): warning C4244: 'argument': conversion from 'int' to 'float', possible loss of data
c:\users\kowalski\documents\visual studio 2015\projects\consoleapplication2\consoleapplication2\button.h(43): warning C4244: 'argument': conversion from 'int' to 'float', possible loss of data
c:\users\kowalski\documents\visual studio 2015\projects\consoleapplication2\consoleapplication2\textfield.h(39): warning C4244: 'argument': conversion from 'int' to 'float', possible loss of data
c:\users\kowalski\documents\visual studio 2015\projects\consoleapplication2\consoleapplication2\textfield.h(40): warning C4244: 'argument': conversion from 'int' to 'float', possible loss of data
c:\users\kowalski\documents\visual studio 2015\projects\consoleapplication2\consoleapplication2\consoleapplication2.cpp(65): warning C4244: 'argument': conversion from 'float' to 'unsigned int', possible loss of data
c:\users\kowalski\documents\visual studio 2015\projects\consoleapplication2\consoleapplication2\consoleapplication2.cpp(79): warning C4305: 'argument': truncation from 'double' to 'float'
c:\users\kowalski\documents\visual studio 2015\projects\consoleapplication2\consoleapplication2\consoleapplication2.cpp(236): warning C4244: 'argument': conversion from 'int' to 'float', possible loss of data
c:\users\kowalski\documents\visual studio 2015\projects\consoleapplication2\consoleapplication2\consoleapplication2.cpp(252): warning C4244: 'argument': conversion from 'int' to 'float', possible loss of data
c:\users\kowalski\documents\visual studio 2015\projects\consoleapplication2\consoleapplication2\consoleapplication2.cpp(267): warning C4244: 'argument': conversion from 'int' to 'float', possible loss of data
c:\users\kowalski\documents\visual studio 2015\projects\consoleapplication2\consoleapplication2\consoleapplication2.cpp(282): warning C4244: 'argument': conversion from 'int' to 'float', possible loss of data
c:\users\kowalski\documents\visual studio 2015\projects\consoleapplication2\consoleapplication2\consoleapplication2.cpp(309): warning C4018: '<': signed/unsigned mismatch
     Creating library C:\Users\Kowalski\documents\visual studio 2015\Projects\ConsoleApplication2\Debug\ConsoleApplication2.lib and object C:\Users\Kowalski\documents\visual studio 2015\Projects\ConsoleApplication2\Debug\ConsoleApplication2.exp
LIBCMTD.lib(initializers.obj) : warning LNK4098: defaultlib 'msvcrtd.lib' conflicts with use of other libs; use /NODEFAULTLIB:library
sfml-main-d.lib(MainWin32.cpp.obj) : warning LNK4217: locally defined symbol ___p___argc imported in function _WinMain@16
sfml-main-d.lib(MainWin32.cpp.obj) : warning LNK4217: locally defined symbol ___p___argv imported in function _WinMain@16
sfml-main-d.lib(MainWin32.cpp.obj) : warning LNK4099: PDB 'vc140.pdb' was not found with 'sfml-main-d.lib(MainWin32.cpp.obj)' or at 'C:\Users\Kowalski\documents\visual studio 2015\Projects\ConsoleApplication2\Debug\vc140.pdb'; linking object as if no debug info
  ConsoleApplication2.vcxproj -> C:\Users\Kowalski\documents\visual studio 2015\Projects\ConsoleApplication2\Debug\ConsoleApplication2.exe
  ConsoleApplication2.vcxproj -> C:\Users\Kowalski\documents\visual studio 2015\Projects\ConsoleApplication2\Debug\ConsoleApplication2.pdb (Full PDB)
